<?xml version="1.0" encoding="UTF-8"?>
<testsuite xmlns:xsi="http://www.w3.org/2001/XMLSchema-instance" xsi:noNamespaceSchemaLocation="https://maven.apache.org/surefire/maven-surefire-plugin/xsd/surefire-test-report-3.0.xsd" version="3.0" name="interview.strings.NotionInterviewQuestions.SwapNumber_NotionTests" time="0.001" tests="0" errors="0" skipped="0" failures="0">
  <properties>
    <property name="java.specification.version" value="17"/>
    <property name="sun.jnu.encoding" value="UTF-8"/>
    <property name="java.class.path" value="/home/nzadap/Documents/test/Java/target/test-classes:/home/nzadap/Documents/test/Java/target/classes:/home/nzadap/.m2/repository/com/opencsv/opencsv/4.1/opencsv-4.1.jar:/home/nzadap/.m2/repository/org/apache/commons/commons-lang3/3.6/commons-lang3-3.6.jar:/home/nzadap/.m2/repository/org/apache/commons/commons-text/1.1/commons-text-1.1.jar:/home/nzadap/.m2/repository/commons-beanutils/commons-beanutils/1.9.3/commons-beanutils-1.9.3.jar:/home/nzadap/.m2/repository/commons-logging/commons-logging/1.2/commons-logging-1.2.jar:/home/nzadap/.m2/repository/commons-collections/commons-collections/3.2.2/commons-collections-3.2.2.jar:"/>
    <property name="java.vm.vendor" value="Red Hat, Inc."/>
    <property name="sun.arch.data.model" value="64"/>
    <property name="java.vendor.url" value="https://www.redhat.com/"/>
    <property name="os.name" value="Linux"/>
    <property name="java.vm.specification.version" value="17"/>
    <property name="sun.java.launcher" value="SUN_STANDARD"/>
    <property name="user.country" value="US"/>
    <property name="sun.boot.library.path" value="/usr/lib/jvm/java-17-openjdk-17.0.11.0.9-1.fc38.x86_64/lib"/>
    <property name="sun.java.command" value="/home/nzadap/Documents/test/Java/target/surefire/surefirebooter-20240703101755026_3.jar /home/nzadap/Documents/test/Java/target/surefire 2024-07-03T10-17-54_458-jvmRun1 surefire-20240703101755026_1tmp surefire_0-20240703101755026_2tmp"/>
    <property name="jdk.debug" value="release"/>
    <property name="surefire.test.class.path" value="/home/nzadap/Documents/test/Java/target/test-classes:/home/nzadap/Documents/test/Java/target/classes:/home/nzadap/.m2/repository/com/opencsv/opencsv/4.1/opencsv-4.1.jar:/home/nzadap/.m2/repository/org/apache/commons/commons-lang3/3.6/commons-lang3-3.6.jar:/home/nzadap/.m2/repository/org/apache/commons/commons-text/1.1/commons-text-1.1.jar:/home/nzadap/.m2/repository/commons-beanutils/commons-beanutils/1.9.3/commons-beanutils-1.9.3.jar:/home/nzadap/.m2/repository/commons-logging/commons-logging/1.2/commons-logging-1.2.jar:/home/nzadap/.m2/repository/commons-collections/commons-collections/3.2.2/commons-collections-3.2.2.jar:"/>
    <property name="sun.cpu.endian" value="little"/>
    <property name="user.home" value="/home/nzadap"/>
    <property name="user.language" value="en"/>
    <property name="java.specification.vendor" value="Oracle Corporation"/>
    <property name="java.version.date" value="2024-04-16"/>
    <property name="java.home" value="/usr/lib/jvm/java-17-openjdk-17.0.11.0.9-1.fc38.x86_64"/>
    <property name="file.separator" value="/"/>
    <property name="basedir" value="/home/nzadap/Documents/test/Java"/>
    <property name="java.vm.compressedOopsMode" value="Zero based"/>
    <property name="line.separator" value="&#10;"/>
    <property name="java.vm.specification.vendor" value="Oracle Corporation"/>
    <property name="java.specification.name" value="Java Platform API Specification"/>
    <property name="surefire.real.class.path" value="/home/nzadap/Documents/test/Java/target/surefire/surefirebooter-20240703101755026_3.jar"/>
    <property name="sun.management.compiler" value="HotSpot 64-Bit Tiered Compilers"/>
    <property name="java.runtime.version" value="17.0.11+9"/>
    <property name="user.name" value="nzadap"/>
    <property name="path.separator" value=":"/>
    <property name="os.version" value="6.8.9-100.fc38.x86_64"/>
    <property name="java.runtime.name" value="OpenJDK Runtime Environment"/>
    <property name="file.encoding" value="UTF-8"/>
    <property name="java.vm.name" value="OpenJDK 64-Bit Server VM"/>
    <property name="java.vendor.version" value="(Red_Hat-17.0.11.0.9-1)"/>
    <property name="localRepository" value="/home/nzadap/.m2/repository"/>
    <property name="java.vendor.url.bug" value="https://bugzilla.redhat.com/enter_bug.cgi?product=Fedora&amp;component=java-17-openjdk&amp;version=38"/>
    <property name="java.io.tmpdir" value="/tmp"/>
    <property name="idea.version" value="2024.1.2"/>
    <property name="java.version" value="17.0.11"/>
    <property name="user.dir" value="/home/nzadap/Documents/test/Java"/>
    <property name="os.arch" value="amd64"/>
    <property name="java.vm.specification.name" value="Java Virtual Machine Specification"/>
    <property name="native.encoding" value="UTF-8"/>
    <property name="java.library.path" value="/usr/java/packages/lib:/usr/lib64:/lib64:/lib:/usr/lib"/>
    <property name="java.vm.info" value="mixed mode, sharing"/>
    <property name="java.vendor" value="Red Hat, Inc."/>
    <property name="java.vm.version" value="17.0.11+9"/>
    <property name="sun.io.unicode.encoding" value="UnicodeLittle"/>
    <property name="java.class.version" value="61.0"/>
  </properties>
</testsuite>